0 info it worked if it ends with ok
1 verbose cli [ 'node', '/usr/local/bin/npm', 'install' ]
2 info using npm@2.14.2
3 info using node@v0.10.25
4 verbose node symlink /usr/bin/node
5 verbose readDependencies loading dependencies from /home/rao/Desktop/package.json
6 error install Couldn't read dependencies
7 verbose stack Error: ENOENT, open '/home/rao/Desktop/package.json'
8 verbose cwd /home/rao/Desktop/QT/qt-son
9 error Linux 3.16.0-48-generic
10 error argv "node" "/usr/local/bin/npm" "install"
11 error node v0.10.25
12 error npm  v2.14.2
13 error path /home/rao/Desktop/package.json
14 error code ENOPACKAGEJSON
15 error errno 34
16 error package.json ENOENT, open '/home/rao/Desktop/package.json'
16 error package.json This is most likely not a problem with npm itself.
16 error package.json npm can't find a package.json file in your current directory.
17 verbose exit [ 34, true ]
